count: 1 dora: 2
count: 2 dora: 4
count: 3 dora: 2
count: 4 dora: 1
count: 5 dora: 1
count: 6 dora: 2
count: 7 dora: 4
count: 8 dora: 3
count: 9 dora: 3
count: 10 dora: 1
count: 11 dora: 2
count: 12 dora: 1
count: 13 dora: 2
count: 14 dora: 1
count: 15 dora: 3
count: 16 dora: 4
count: 17 dora: 4
count: 18 dora: 3
count: 19 dora: 3
count: 20 dora: 2
count: 21 dora: 2
count: 22 dora: 4
count: 23 dora: 1
count: 24 dora: 4
count: 25 dora: 4
count: 26 dora: 2
count: 27 dora: 1
count: 28 dora: 3
count: 29 dora: 3
count: 30 dora: 4
count: 31 dora: 4
count: 32 dora: 2
count: 33 dora: 4
count: 34 dora: 1
count: 35 dora: 1
count: 36 dora: 1
count: 37 dora: 4
count: 38 dora: 3
count: 39 dora: 4
count: 40 dora: 4
count: 41 dora: 4
count: 42 dora: 1
count: 43 dora: 1
count: 44 dora: 4
count: 45 dora: 1
count: 46 dora: 4
count: 47 dora: 4
count: 48 dora: 1
count: 49 dora: 2
count: 50 dora: 4
count: 51 dora: 2
count: 52 dora: 3
count: 53 dora: 1
count: 54 dora: 3
count: 55 dora: 4
count: 56 dora: 2
count: 57 dora: 2
count: 58 dora: 4
count: 59 dora: 3
count: 60 dora: 3
count: 61 dora: 3
count: 62 dora: 4
count: 63 dora: 2
count: 64 dora: 1
count: 65 dora: 3
count: 66 dora: 3
count: 67 dora: 2
count: 68 dora: 2
count: 69 dora: 2
count: 70 dora: 4
count: 71 dora: 3
count: 72 dora: 1
count: 73 dora: 2
count: 74 dora: 2
count: 75 dora: 2
count: 76 dora: 3
count: 77 dora: 4
count: 78 dora: 2
count: 79 dora: 4
count: 80 dora: 2
count: 81 dora: 4
count: 82 dora: 1
count: 83 dora: 2
count: 84 dora: 4
count: 85 dora: 4
count: 86 dora: 1
count: 87 dora: 2
count: 88 dora: 2
count: 89 dora: 1
count: 90 dora: 4
count: 91 dora: 2
count: 92 dora: 2
count: 93 dora: 4
count: 94 dora: 3
count: 95 dora: 3
count: 96 dora: 3
count: 97 dora: 2
count: 98 dora: 2
count: 99 dora: 1
count: 100 dora: 2
count: 101 dora: 1
count: 102 dora: 1
count: 103 dora: 3
count: 104 dora: 2
count: 105 dora: 2
count: 106 dora: 2
count: 107 dora: 1
count: 108 dora: 3
count: 109 dora: 4
count: 110 dora: 3
count: 111 dora: 3
count: 112 dora: 1
count: 113 dora: 2
count: 114 dora: 4
count: 115 dora: 1
count: 116 dora: 4
count: 117 dora: 3
count: 118 dora: 1
count: 119 dora: 1
count: 120 dora: 1
count: 121 dora: 3
count: 122 dora: 2
count: 123 dora: 3
count: 124 dora: 1
count: 125 dora: 2
count: 126 dora: 4
count: 127 dora: 1
count: 128 dora: 3
count: 129 dora: 2
count: 130 dora: 4
count: 131 dora: 3
count: 132 dora: 1
count: 133 dora: 2
count: 134 dora: 2
count: 135 dora: 4
count: 136 dora: 4
count: 137 dora: 2
count: 138 dora: 4
count: 139 dora: 4
count: 140 dora: 4
count: 141 dora: 1
count: 142 dora: 1
count: 143 dora: 4
count: 144 dora: 3
count: 145 dora: 1
count: 146 dora: 4
count: 147 dora: 1
count: 148 dora: 3
count: 149 dora: 1
count: 150 dora: 1
count: 151 dora: 2
count: 152 dora: 4
count: 153 dora: 1
count: 154 dora: 1
count: 155 dora: 3
count: 156 dora: 3
count: 157 dora: 3
count: 158 dora: 3
count: 159 dora: 2
count: 160 dora: 4
count: 161 dora: 3
count: 162 dora: 4
count: 163 dora: 4
count: 164 dora: 2
count: 165 dora: 4
count: 166 dora: 2
count: 167 dora: 4
count: 168 dora: 2
count: 169 dora: 2
count: 170 dora: 3
count: 171 dora: 1
count: 172 dora: 3
count: 173 dora: 1
count: 174 dora: 1
count: 175 dora: 3
count: 176 dora: 1
count: 177 dora: 2
count: 178 dora: 1
count: 179 dora: 2
count: 180 dora: 3
count: 181 dora: 3
count: 182 dora: 1
count: 183 dora: 2
count: 184 dora: 2
count: 185 dora: 3
count: 186 dora: 1
count: 187 dora: 2
count: 188 dora: 1
count: 189 dora: 2
count: 190 dora: 3
count: 191 dora: 3
count: 192 dora: 4
count: 193 dora: 4
count: 194 dora: 4
count: 195 dora: 3
count: 196 dora: 4
count: 197 dora: 4
count: 198 dora: 2
count: 199 dora: 4
count: 200 dora: 3
count: 201 dora: 4
count: 202 dora: 2
count: 203 dora: 1
count: 204 dora: 1
count: 205 dora: 3
count: 206 dora: 2
count: 207 dora: 1
count: 208 dora: 1
count: 209 dora: 1
count: 210 dora: 1
count: 211 dora: 4
count: 212 dora: 4
count: 213 dora: 4
count: 214 dora: 1
count: 215 dora: 1
count: 216 dora: 1
count: 217 dora: 4
count: 218 dora: 1
count: 219 dora: 1
count: 220 dora: 2
count: 221 dora: 3
count: 222 dora: 1
count: 223 dora: 1
count: 224 dora: 3
count: 225 dora: 1
count: 226 dora: 1
count: 227 dora: 2
count: 228 dora: 1
count: 229 dora: 1
count: 230 dora: 4
count: 231 dora: 4
count: 232 dora: 4
count: 233 dora: 1
count: 234 dora: 3
count: 235 dora: 1
count: 236 dora: 4
count: 237 dora: 2
count: 238 dora: 2
count: 239 dora: 4
count: 240 dora: 2
count: 241 dora: 4
count: 242 dora: 3
count: 243 dora: 3
count: 244 dora: 1
count: 245 dora: 2
count: 246 dora: 1
count: 247 dora: 4
count: 248 dora: 1
count: 249 dora: 4
count: 250 dora: 2
count: 251 dora: 4
count: 252 dora: 3
count: 253 dora: 3
count: 254 dora: 1
count: 255 dora: 2
count: 256 dora: 3
count: 257 dora: 1
count: 258 dora: 4
count: 259 dora: 3
count: 260 dora: 2
count: 261 dora: 3
count: 262 dora: 3
count: 263 dora: 2
count: 264 dora: 1
count: 265 dora: 4
count: 266 dora: 2
count: 267 dora: 3
count: 268 dora: 2
count: 269 dora: 4
count: 270 dora: 2
count: 271 dora: 3
count: 272 dora: 1
count: 273 dora: 3
count: 274 dora: 2
count: 275 dora: 1
count: 276 dora: 1
count: 277 dora: 4
count: 278 dora: 1
count: 279 dora: 2
count: 280 dora: 2
count: 281 dora: 1
count: 282 dora: 1
count: 283 dora: 2
count: 284 dora: 3
count: 285 dora: 2
count: 286 dora: 1
count: 287 dora: 3
count: 288 dora: 4
count: 289 dora: 2
count: 290 dora: 2
count: 291 dora: 1
count: 292 dora: 4
count: 293 dora: 3
count: 294 dora: 1
count: 295 dora: 2
count: 296 dora: 1
count: 297 dora: 2
count: 298 dora: 3
count: 299 dora: 3
count: 300 dora: 4
count: 301 dora: 2
count: 302 dora: 3
count: 303 dora: 4
count: 304 dora: 3
count: 305 dora: 3
count: 306 dora: 3
count: 307 dora: 3
count: 308 dora: 1
count: 309 dora: 2
count: 310 dora: 4
count: 311 dora: 1
count: 312 dora: 4
count: 313 dora: 2
count: 314 dora: 2
count: 315 dora: 2
count: 316 dora: 1
count: 317 dora: 1
count: 318 dora: 2
count: 319 dora: 4
count: 320 dora: 4
count: 321 dora: 3
count: 322 dora: 4
count: 323 dora: 2
count: 324 dora: 2
count: 325 dora: 2
count: 326 dora: 1
count: 327 dora: 4
count: 328 dora: 4
count: 329 dora: 2
count: 330 dora: 4
count: 331 dora: 3
count: 332 dora: 3
count: 333 dora: 4
count: 334 dora: 2
count: 335 dora: 1
count: 336 dora: 1
count: 337 dora: 1
count: 338 dora: 4
count: 339 dora: 1
count: 340 dora: 2
count: 341 dora: 4
count: 342 dora: 4
count: 343 dora: 3
count: 344 dora: 2
count: 345 dora: 3
count: 346 dora: 1
count: 347 dora: 1
count: 348 dora: 3
count: 349 dora: 2
count: 350 dora: 2
count: 351 dora: 3
count: 352 dora: 1
count: 353 dora: 2
count: 354 dora: 4
count: 355 dora: 3
count: 356 dora: 1
count: 357 dora: 3
count: 358 dora: 3
count: 359 dora: 1
count: 360 dora: 1
count: 361 dora: 4
count: 362 dora: 4
count: 363 dora: 1
count: 364 dora: 3
count: 365 dora: 1
count: 366 dora: 4
count: 367 dora: 3
count: 368 dora: 4
count: 369 dora: 4
count: 370 dora: 1
count: 371 dora: 3
count: 372 dora: 1
count: 373 dora: 3
count: 374 dora: 4
count: 375 dora: 4
count: 376 dora: 4
count: 377 dora: 3
count: 378 dora: 4
count: 379 dora: 2
count: 380 dora: 4
count: 381 dora: 1
count: 382 dora: 2
count: 383 dora: 2
count: 384 dora: 1
count: 385 dora: 3
count: 386 dora: 4
count: 387 dora: 1
count: 388 dora: 1
count: 389 dora: 4
count: 390 dora: 1
count: 391 dora: 3
count: 392 dora: 1
count: 393 dora: 3
count: 394 dora: 2
count: 395 dora: 3
count: 396 dora: 3
count: 397 dora: 4
count: 398 dora: 3
count: 399 dora: 2
count: 400 dora: 2
count: 401 dora: 1
count: 402 dora: 2
count: 403 dora: 4
count: 404 dora: 3
count: 405 dora: 3
count: 406 dora: 1
count: 407 dora: 4
count: 408 dora: 1
count: 409 dora: 4
count: 410 dora: 4
count: 411 dora: 4
count: 412 dora: 2
count: 413 dora: 4
count: 414 dora: 1
count: 415 dora: 1
count: 416 dora: 4
count: 417 dora: 3
count: 418 dora: 1
count: 419 dora: 3
count: 420 dora: 4
count: 421 dora: 1
count: 422 dora: 1
count: 423 dora: 2
count: 424 dora: 3
count: 425 dora: 4
count: 426 dora: 2
count: 427 dora: 1
count: 428 dora: 2
count: 429 dora: 3
count: 430 dora: 1
count: 431 dora: 4
count: 432 dora: 3
count: 433 dora: 4
count: 434 dora: 4
count: 435 dora: 4
count: 436 dora: 3
count: 437 dora: 1
count: 438 dora: 3
count: 439 dora: 4
count: 440 dora: 3
count: 441 dora: 1
count: 442 dora: 4
count: 443 dora: 4
count: 444 dora: 2
count: 445 dora: 4
count: 446 dora: 4
count: 447 dora: 1
count: 448 dora: 1
count: 449 dora: 4
count: 450 dora: 4
count: 451 dora: 2
count: 452 dora: 1
count: 453 dora: 1
count: 454 dora: 3
count: 455 dora: 3
count: 456 dora: 3
count: 457 dora: 1
count: 458 dora: 4
count: 459 dora: 3
count: 460 dora: 3
count: 461 dora: 3
count: 462 dora: 4
count: 463 dora: 1
count: 464 dora: 3
count: 465 dora: 4
count: 466 dora: 4
count: 467 dora: 3
count: 468 dora: 2
count: 469 dora: 1
count: 470 dora: 2
count: 471 dora: 1
count: 472 dora: 2
count: 473 dora: 2
count: 474 dora: 4
count: 475 dora: 4
count: 476 dora: 3
count: 477 dora: 3
count: 478 dora: 3
count: 479 dora: 2
count: 480 dora: 1
count: 481 dora: 3
count: 482 dora: 1
count: 483 dora: 3
count: 484 dora: 1
count: 485 dora: 1
count: 486 dora: 2
count: 487 dora: 3
count: 488 dora: 3
count: 489 dora: 3
count: 490 dora: 4
count: 491 dora: 2
count: 492 dora: 4
count: 493 dora: 3
count: 494 dora: 1
count: 495 dora: 2
count: 496 dora: 4
count: 497 dora: 4
count: 498 dora: 2
count: 499 dora: 1
count: 500 dora: 3
count: 501 dora: 4
count: 502 dora: 1
count: 503 dora: 2
count: 504 dora: 3
count: 505 dora: 1
count: 506 dora: 2
count: 507 dora: 3
count: 508 dora: 3
count: 509 dora: 4
count: 510 dora: 4
count: 511 dora: 2
count: 512 dora: 2
count: 513 dora: 2
count: 514 dora: 4
count: 515 dora: 2
count: 516 dora: 4
count: 517 dora: 3
count: 518 dora: 1
count: 519 dora: 1
count: 520 dora: 3
count: 521 dora: 1
count: 522 dora: 2
count: 523 dora: 1
count: 524 dora: 4
count: 525 dora: 1
count: 526 dora: 3
count: 527 dora: 3
count: 528 dora: 4
count: 529 dora: 1
count: 530 dora: 1
count: 531 dora: 1
count: 532 dora: 2
count: 533 dora: 1
count: 534 dora: 4
count: 535 dora: 4
count: 536 dora: 2
count: 537 dora: 4
count: 538 dora: 2
count: 539 dora: 4
count: 540 dora: 2
count: 541 dora: 1
count: 542 dora: 3
count: 543 dora: 2
count: 544 dora: 4
count: 545 dora: 1
count: 546 dora: 1
count: 547 dora: 1
count: 548 dora: 4
count: 549 dora: 4
count: 550 dora: 1
count: 551 dora: 1
count: 552 dora: 2
count: 553 dora: 3
count: 554 dora: 1
count: 555 dora: 3
count: 556 dora: 3
count: 557 dora: 4
count: 558 dora: 4
count: 559 dora: 2
count: 560 dora: 1
count: 561 dora: 1
count: 562 dora: 3
count: 563 dora: 3
count: 564 dora: 2
count: 565 dora: 4
count: 566 dora: 4
count: 567 dora: 3
count: 568 dora: 1
count: 569 dora: 2
count: 570 dora: 2
count: 571 dora: 2
count: 572 dora: 2
count: 573 dora: 2
count: 574 dora: 2
count: 575 dora: 1
count: 576 dora: 1
count: 577 dora: 2
count: 578 dora: 3
count: 579 dora: 2
count: 580 dora: 2
count: 581 dora: 4
count: 582 dora: 1
count: 583 dora: 2
count: 584 dora: 1
count: 585 dora: 1
count: 586 dora: 4
count: 587 dora: 2
count: 588 dora: 4
count: 589 dora: 4
count: 590 dora: 2
count: 591 dora: 3
count: 592 dora: 2
count: 593 dora: 3
count: 594 dora: 4
count: 595 dora: 1
count: 596 dora: 4
count: 597 dora: 2
count: 598 dora: 4
count: 599 dora: 3
count: 600 dora: 4
count: 601 dora: 3
count: 602 dora: 2
count: 603 dora: 2
count: 604 dora: 2
count: 605 dora: 2
count: 606 dora: 1
count: 607 dora: 2
count: 608 dora: 3
count: 609 dora: 1
count: 610 dora: 1
count: 611 dora: 4
count: 612 dora: 1
count: 613 dora: 3
count: 614 dora: 2
count: 615 dora: 2
count: 616 dora: 4
count: 617 dora: 1
count: 618 dora: 1
count: 619 dora: 3
count: 620 dora: 2
count: 621 dora: 1
count: 622 dora: 1
count: 623 dora: 4
count: 624 dora: 4
count: 625 dora: 3
count: 626 dora: 1
count: 627 dora: 1
count: 628 dora: 1
count: 629 dora: 2
count: 630 dora: 1
count: 631 dora: 4
count: 632 dora: 4
count: 633 dora: 2
count: 634 dora: 1
count: 635 dora: 1
count: 636 dora: 1
count: 637 dora: 3
count: 638 dora: 1
count: 639 dora: 4
count: 640 dora: 1
count: 641 dora: 1
count: 642 dora: 4
count: 643 dora: 3
count: 644 dora: 3
count: 645 dora: 1
count: 646 dora: 4
count: 647 dora: 2
count: 648 dora: 2
count: 649 dora: 3
count: 650 dora: 3
count: 651 dora: 1
count: 652 dora: 3
count: 653 dora: 4
count: 654 dora: 4
count: 655 dora: 3
count: 656 dora: 3
count: 657 dora: 1
count: 658 dora: 3
count: 659 dora: 3
count: 660 dora: 4
count: 661 dora: 3
count: 662 dora: 1
count: 663 dora: 3
count: 664 dora: 3
count: 665 dora: 3
count: 666 dora: 3
count: 667 dora: 3
count: 668 dora: 1
count: 669 dora: 1
count: 670 dora: 4
count: 671 dora: 1
count: 672 dora: 2
count: 673 dora: 1
count: 674 dora: 2
count: 675 dora: 4
count: 676 dora: 2
count: 677 dora: 4
count: 678 dora: 4
count: 679 dora: 3
count: 680 dora: 2
count: 681 dora: 2
count: 682 dora: 1
count: 683 dora: 3
count: 684 dora: 3
count: 685 dora: 3
count: 686 dora: 1
count: 687 dora: 4
count: 688 dora: 3
count: 689 dora: 4
count: 690 dora: 3
count: 691 dora: 3
count: 692 dora: 4
count: 693 dora: 2
count: 694 dora: 3
count: 695 dora: 1
count: 696 dora: 2
count: 697 dora: 2
count: 698 dora: 4
count: 699 dora: 1
count: 700 dora: 2
count: 701 dora: 4
count: 702 dora: 2
count: 703 dora: 1
count: 704 dora: 1
count: 705 dora: 2
count: 706 dora: 4
count: 707 dora: 4
count: 708 dora: 4
count: 709 dora: 3
count: 710 dora: 3
count: 711 dora: 1
count: 712 dora: 2
count: 713 dora: 4
count: 714 dora: 2
count: 715 dora: 1
count: 716 dora: 2
count: 717 dora: 4
count: 718 dora: 2
count: 719 dora: 2
count: 720 dora: 4
count: 721 dora: 3
count: 722 dora: 3
count: 723 dora: 3
count: 724 dora: 4
count: 725 dora: 1
count: 726 dora: 1
count: 727 dora: 1
count: 728 dora: 2
count: 729 dora: 4
count: 730 dora: 2
count: 731 dora: 2
count: 732 dora: 1
count: 733 dora: 1
count: 734 dora: 1
count: 735 dora: 4
count: 736 dora: 3
count: 737 dora: 1
count: 738 dora: 2
count: 739 dora: 1
count: 740 dora: 3
count: 741 dora: 1
count: 742 dora: 2
count: 743 dora: 1
count: 744 dora: 4
count: 745 dora: 4
count: 746 dora: 3
count: 747 dora: 4
count: 748 dora: 2
count: 749 dora: 1
count: 750 dora: 3
count: 751 dora: 3
count: 752 dora: 2
count: 753 dora: 4
count: 754 dora: 2
count: 755 dora: 4
count: 756 dora: 1
count: 757 dora: 3
count: 758 dora: 4
count: 759 dora: 4
count: 760 dora: 3
count: 761 dora: 3
count: 762 dora: 4
count: 763 dora: 4
count: 764 dora: 2
count: 765 dora: 4
count: 766 dora: 1
count: 767 dora: 3
count: 768 dora: 4
count: 769 dora: 3
count: 770 dora: 4
count: 771 dora: 4
count: 772 dora: 1
count: 773 dora: 2
count: 774 dora: 1
count: 775 dora: 4
count: 776 dora: 3
count: 777 dora: 3
count: 778 dora: 1
count: 779 dora: 3
count: 780 dora: 1
count: 781 dora: 3
count: 782 dora: 1
count: 783 dora: 3
count: 784 dora: 2
count: 785 dora: 2
count: 786 dora: 4
count: 787 dora: 1
count: 788 dora: 1
count: 789 dora: 4
count: 790 dora: 2
count: 791 dora: 1
count: 792 dora: 1
count: 793 dora: 2
count: 794 dora: 4
count: 795 dora: 1
count: 796 dora: 3
count: 797 dora: 4
count: 798 dora: 1
count: 799 dora: 1
count: 800 dora: 3
